c:\users\prc\desktop\cyk\sykos\cyk\x64\debug\vc140.pdb
c:\users\prc\desktop\cyk\sykos\cyk\x64\debug\vc140.idb
c:\users\prc\desktop\cyk\sykos\cyk\x64\debug\ogolne.obj
c:\users\prc\desktop\cyk\sykos\cyk\x64\debug\utility.obj
c:\users\prc\desktop\cyk\sykos\x64\debug\cyk.ilk
c:\users\prc\desktop\cyk\sykos\x64\debug\cyk.exe
c:\users\prc\desktop\cyk\sykos\x64\debug\cyk.pdb
c:\users\prc\desktop\cyk\sykos\cyk\x64\debug\cultural.cu.cache
c:\users\prc\desktop\cyk\sykos\cyk\x64\debug\cyk.cu.cache
c:\users\prc\desktop\cyk\sykos\cyk\x64\debug\functions.cu.cache
c:\users\prc\desktop\cyk\sykos\cyk\x64\debug\kernel.cu.cache
c:\users\prc\desktop\cyk\sykos\cyk\x64\debug\main.cu.cache
c:\users\prc\desktop\cyk\sykos\cyk\x64\debug\ogolne.cu.cache
c:\users\prc\desktop\cyk\sykos\cyk\x64\debug\cultural.cu.obj
c:\users\prc\desktop\cyk\sykos\cyk\x64\debug\cyk.cu.obj
c:\users\prc\desktop\cyk\sykos\cyk\x64\debug\functions.cu.obj
c:\users\prc\desktop\cyk\sykos\cyk\x64\debug\kernel.cu.obj
c:\users\prc\desktop\cyk\sykos\cyk\x64\debug\main.cu.obj
c:\users\prc\desktop\cyk\sykos\cyk\x64\debug\ogolne.cu.obj
c:\users\prc\desktop\cyk\sykos\cyk\x64\debug\cyk.tlog\cl.command.1.tlog
c:\users\prc\desktop\cyk\sykos\cyk\x64\debug\cyk.tlog\cl.read.1.tlog
c:\users\prc\desktop\cyk\sykos\cyk\x64\debug\cyk.tlog\cl.write.1.tlog
c:\users\prc\desktop\cyk\sykos\cyk\x64\debug\cyk.tlog\link.command.1.tlog
c:\users\prc\desktop\cyk\sykos\cyk\x64\debug\cyk.tlog\link.read.1.tlog
c:\users\prc\desktop\cyk\sykos\cyk\x64\debug\cyk.tlog\link.write.1.tlog
